[2020-03-07T20:22:36.495] [DEBUG] cheese - login => username:zhangsan,password:231231
[2020-03-07T20:22:36.497] [DEBUG] cheese - zhangsan
[2020-03-07T20:22:36.721] [DEBUG] cheese - { inspect: [Function: inspect] }
[2020-03-07T20:22:36.727] [DEBUG] cheese - 查询失败
[2020-03-07T20:23:09.780] [DEBUG] cheese - login => username:admin,password:123456
[2020-03-07T20:23:09.780] [DEBUG] cheese - admin
[2020-03-07T20:23:09.786] [DEBUG] cheese - { inspect: [Function: inspect] }
[2020-03-07T20:23:09.786] [DEBUG] cheese - 查询失败
[2020-03-07T20:23:29.039] [DEBUG] cheese - login => username:admin,password:123456
[2020-03-07T20:23:29.039] [DEBUG] cheese - admin
[2020-03-07T20:23:29.047] [DEBUG] cheese - { inspect: [Function: inspect] }
[2020-03-07T20:23:29.047] [DEBUG] cheese - 查询失败
[2020-03-07T20:39:05.904] [DEBUG] cheese - login => username:admin,password:123456
[2020-03-07T20:39:05.905] [DEBUG] cheese - admin
[2020-03-07T20:39:05.924] [DEBUG] cheese - { inspect: [Function: inspect] }
[2020-03-07T20:39:05.925] [DEBUG] cheese - 查询失败
[2020-03-07T20:40:31.746] [DEBUG] cheese - login => username:admin,password:123456
[2020-03-07T20:40:31.746] [DEBUG] cheese - admin
[2020-03-07T20:40:31.794] [DEBUG] cheese - null
[2020-03-07T20:40:31.794] [DEBUG] cheese - null
[2020-03-07T20:41:05.979] [DEBUG] cheese - login => username:admin,password:123456
[2020-03-07T20:41:05.979] [DEBUG] cheese - admin
[2020-03-07T20:41:05.988] [DEBUG] cheese - null
[2020-03-07T20:41:05.988] [DEBUG] cheese - null
[2020-03-07T20:41:07.596] [DEBUG] cheese - login => username:admin,password:123456
[2020-03-07T20:41:07.596] [DEBUG] cheese - admin
[2020-03-07T20:41:07.603] [DEBUG] cheese - null
[2020-03-07T20:41:07.604] [DEBUG] cheese - null
[2020-03-07T20:41:51.863] [DEBUG] cheese - login => username:admin,password:123456
[2020-03-07T20:41:51.863] [DEBUG] cheese - admin
[2020-03-07T20:41:51.873] [DEBUG] cheese - null
[2020-03-07T20:41:51.873] [DEBUG] cheese - null
[2020-03-07T20:41:53.668] [DEBUG] cheese - login => username:admin,password:123456
[2020-03-07T20:41:53.668] [DEBUG] cheese - admin
[2020-03-07T20:41:53.675] [DEBUG] cheese - null
[2020-03-07T20:41:53.675] [DEBUG] cheese - null
[2020-03-07T20:54:46.918] [DEBUG] cheese - login => username:admin,password:123456
[2020-03-07T20:54:46.918] [DEBUG] cheese - admin
[2020-03-07T20:54:46.926] [DEBUG] cheese - null
[2020-03-07T20:54:46.926] [DEBUG] cheese - null
[2020-03-07T22:44:34.385] [DEBUG] cheese - login => username:admin,password:123456
[2020-03-07T22:44:34.387] [DEBUG] cheese - admin
[2020-03-07T22:44:34.422] [DEBUG] cheese - null
[2020-03-07T22:44:34.422] [DEBUG] cheese - null
[2020-03-07T22:44:56.991] [DEBUG] cheese - login => username:admin,password:1234
[2020-03-07T22:44:56.991] [DEBUG] cheese - admin
[2020-03-07T22:44:56.996] [DEBUG] cheese - null
[2020-03-07T22:44:56.996] [DEBUG] cheese - null
[2020-03-07T22:45:01.102] [DEBUG] cheese - login => username:admin,password:123456
[2020-03-07T22:45:01.102] [DEBUG] cheese - admin
[2020-03-07T22:45:01.129] [DEBUG] cheese - null
[2020-03-07T22:45:01.129] [DEBUG] cheese - null
[2020-03-08T12:32:11.592] [DEBUG] cheese - login => username:admin,password:123456
[2020-03-08T12:32:11.595] [DEBUG] cheese - admin
[2020-03-08T12:32:11.918] [DEBUG] cheese - null
[2020-03-08T12:32:11.919] [DEBUG] cheese - null
[2020-03-08T12:34:25.177] [DEBUG] cheese - login => username:admin,password:123456
[2020-03-08T12:34:25.177] [DEBUG] cheese - admin
[2020-03-08T12:34:25.183] [DEBUG] cheese - null
[2020-03-08T12:34:25.183] [DEBUG] cheese - null
[2020-03-08T13:25:04.207] [DEBUG] cheese - login => username:123,password:124234234
[2020-03-08T13:25:04.207] [DEBUG] cheese - 123
[2020-03-08T13:25:04.279] [DEBUG] cheese - null
[2020-03-08T13:25:04.279] [DEBUG] cheese - null
[2020-03-08T13:25:43.712] [DEBUG] cheese - login => username:admin,password:123456
[2020-03-08T13:25:43.712] [DEBUG] cheese - admin
[2020-03-08T13:25:43.718] [DEBUG] cheese - null
[2020-03-08T13:25:43.718] [DEBUG] cheese - null
[2020-03-08T13:31:26.169] [DEBUG] cheese - login => username:12312,password:31123123
[2020-03-08T13:31:26.169] [DEBUG] cheese - 12312
[2020-03-08T13:31:26.175] [DEBUG] cheese - null
[2020-03-08T13:31:26.175] [DEBUG] cheese - null
[2020-03-08T13:31:30.338] [DEBUG] cheese - login => username:12312,password:31123123
[2020-03-08T13:31:30.338] [DEBUG] cheese - 12312
[2020-03-08T13:31:30.353] [DEBUG] cheese - null
[2020-03-08T13:31:30.353] [DEBUG] cheese - null
[2020-03-08T13:31:43.021] [DEBUG] cheese - login => username:admin,password:123456
[2020-03-08T13:31:43.021] [DEBUG] cheese - admin
[2020-03-08T13:31:43.026] [DEBUG] cheese - null
[2020-03-08T13:31:43.027] [DEBUG] cheese - null
[2020-03-08T13:34:29.104] [DEBUG] cheese - login => username:admin,password:123456
[2020-03-08T13:34:29.105] [DEBUG] cheese - admin
[2020-03-08T13:34:29.112] [DEBUG] cheese - null
[2020-03-08T13:34:29.112] [DEBUG] cheese - null
[2020-03-08T13:40:56.492] [DEBUG] cheese - login => username:admin,password:123456
[2020-03-08T13:40:56.492] [DEBUG] cheese - admin
[2020-03-08T13:40:56.501] [DEBUG] cheese - null
[2020-03-08T13:40:56.501] [DEBUG] cheese - null
[2020-03-08T13:44:10.805] [DEBUG] cheese - login => username:admin,password:123456
[2020-03-08T13:44:10.806] [DEBUG] cheese - admin
[2020-03-08T13:44:10.815] [DEBUG] cheese - null
[2020-03-08T13:44:10.815] [DEBUG] cheese - null
[2020-03-08T13:44:33.896] [DEBUG] cheese - login => username:admin,password:123456
[2020-03-08T13:44:33.896] [DEBUG] cheese - admin
[2020-03-08T13:44:33.901] [DEBUG] cheese - null
[2020-03-08T13:44:33.901] [DEBUG] cheese - null
[2020-03-08T14:00:31.340] [DEBUG] cheese - login => username:admin,password:123456
[2020-03-08T14:00:31.340] [DEBUG] cheese - admin
[2020-03-08T14:00:31.449] [DEBUG] cheese - null
[2020-03-08T14:00:31.450] [DEBUG] cheese - null
[2020-03-08T14:00:55.830] [DEBUG] cheese - login => username:admin,password:123456
[2020-03-08T14:00:55.830] [DEBUG] cheese - admin
[2020-03-08T14:00:55.834] [DEBUG] cheese - null
[2020-03-08T14:00:55.835] [DEBUG] cheese - null
[2020-03-08T15:26:18.317] [DEBUG] cheese - login => username:admin,password:123456
[2020-03-08T15:26:18.318] [DEBUG] cheese - admin
[2020-03-08T15:26:18.327] [DEBUG] cheese - null
[2020-03-08T15:26:18.327] [DEBUG] cheese - null
[2020-03-08T15:54:44.358] [DEBUG] cheese - login => username:admin,password:123456
[2020-03-08T15:54:44.358] [DEBUG] cheese - admin
[2020-03-08T15:54:44.367] [DEBUG] cheese - null
[2020-03-08T15:54:44.367] [DEBUG] cheese - null
[2020-03-08T19:54:04.526] [DEBUG] cheese - login => username:admin,password:123456
[2020-03-08T19:54:04.527] [DEBUG] cheese - admin
[2020-03-08T19:54:04.532] [DEBUG] cheese - null
[2020-03-08T19:54:04.532] [DEBUG] cheese - null
[2020-03-09T10:13:15.728] [DEBUG] cheese - login => username:admin,password:123456
[2020-03-09T10:13:15.729] [DEBUG] cheese - admin
[2020-03-09T10:13:15.802] [DEBUG] cheese - null
[2020-03-09T10:13:15.803] [DEBUG] cheese - null
[2020-03-09T15:08:11.192] [DEBUG] cheese - null
[2020-03-09T15:10:50.142] [DEBUG] cheese - null
[2020-03-09T15:13:16.774] [DEBUG] cheese - null
[2020-03-09T15:13:19.536] [DEBUG] cheese - null
[2020-03-09T15:13:21.883] [DEBUG] cheese - null
[2020-03-09T15:55:58.187] [DEBUG] cheese - login => username:admin,password:123456
[2020-03-09T15:55:58.191] [DEBUG] cheese - admin
[2020-03-09T15:55:58.215] [DEBUG] cheese - null
[2020-03-09T15:55:58.215] [DEBUG] cheese - null
[2020-03-09T16:00:43.352] [DEBUG] cheese - login => username:admin,password:123456
[2020-03-09T16:00:43.352] [DEBUG] cheese - admin
[2020-03-09T16:00:43.358] [DEBUG] cheese - null
[2020-03-09T16:00:43.358] [DEBUG] cheese - null
[2020-03-09T19:34:31.177] [DEBUG] cheese - login => username:admin,password:123456
[2020-03-09T19:34:31.178] [DEBUG] cheese - admin
[2020-03-09T19:34:31.197] [DEBUG] cheese - null
[2020-03-09T19:34:31.198] [DEBUG] cheese - null
[2020-03-09T20:52:40.477] [DEBUG] cheese - null
[2020-03-10T09:34:05.955] [DEBUG] cheese - login => username:admin,password:123456
[2020-03-10T09:34:05.956] [DEBUG] cheese - admin
[2020-03-10T09:34:06.022] [DEBUG] cheese - null
[2020-03-10T09:34:06.022] [DEBUG] cheese - null
[2020-03-10T12:58:05.193] [DEBUG] cheese - null
[2020-03-11T11:02:44.034] [DEBUG] cheese - login => username:admin,password:123456
[2020-03-11T11:02:44.036] [DEBUG] cheese - admin
[2020-03-11T11:02:44.235] [DEBUG] cheese - null
[2020-03-11T11:02:44.236] [DEBUG] cheese - null
[2020-03-11T14:24:28.035] [DEBUG] cheese - login => username:admin,password:123456
[2020-03-11T14:24:28.036] [DEBUG] cheese - admin
[2020-03-11T14:24:28.049] [DEBUG] cheese - null
[2020-03-11T14:24:28.049] [DEBUG] cheese - null
[2020-03-11T21:27:18.374] [DEBUG] cheese - null
[2020-03-11T21:38:31.329] [DEBUG] cheese - null
[2020-03-11T21:40:14.819] [DEBUG] cheese - null
[2020-03-11T21:43:42.697] [DEBUG] cheese - null
[2020-03-11T21:44:51.508] [DEBUG] cheese - null
[2020-03-11T21:45:37.087] [DEBUG] cheese - null
[2020-03-11T21:48:48.563] [DEBUG] cheese - null
[2020-03-11T21:52:00.906] [DEBUG] cheese - null
[2020-03-11T22:29:15.799] [DEBUG] cheese - login => username:admin,password:123456
[2020-03-11T22:29:15.800] [DEBUG] cheese - admin
[2020-03-11T22:29:15.808] [DEBUG] cheese - null
[2020-03-11T22:29:15.809] [DEBUG] cheese - null
[2020-03-12T11:08:08.846] [DEBUG] cheese - null
[2020-03-12T11:09:16.339] [DEBUG] cheese - null
[2020-03-12T11:10:29.997] [DEBUG] cheese - null
[2020-03-12T11:11:31.336] [DEBUG] cheese - null
[2020-03-12T11:12:22.032] [DEBUG] cheese - null
[2020-03-12T12:56:34.574] [DEBUG] cheese - null
[2020-03-12T12:57:01.377] [DEBUG] cheese - null
[2020-03-12T14:29:49.888] [DEBUG] cheese - login => username:admin,password:123456
[2020-03-12T14:29:49.891] [DEBUG] cheese - admin
[2020-03-12T14:29:49.943] [DEBUG] cheese - null
[2020-03-12T14:29:49.944] [DEBUG] cheese - null
[2020-03-12T18:38:09.816] [DEBUG] cheese - login => username:admin,password:123456
[2020-03-12T18:38:09.866] [DEBUG] cheese - admin
[2020-03-12T18:38:09.898] [DEBUG] cheese - null
[2020-03-12T18:38:09.901] [DEBUG] cheese - null
[2020-03-12T18:50:11.033] [DEBUG] cheese - login => username:admin,password:123456
[2020-03-12T18:50:11.034] [DEBUG] cheese - admin
[2020-03-12T18:50:11.082] [DEBUG] cheese - null
[2020-03-12T18:50:11.082] [DEBUG] cheese - null
[2020-03-12T19:05:41.596] [DEBUG] cheese - login => username:admin,password:123456
[2020-03-12T19:05:41.596] [DEBUG] cheese - admin
[2020-03-12T19:05:41.602] [DEBUG] cheese - null
[2020-03-12T19:05:41.602] [DEBUG] cheese - null
[2020-03-12T19:08:13.299] [DEBUG] cheese - login => username:admin,password:123456
[2020-03-12T19:08:13.299] [DEBUG] cheese - admin
[2020-03-12T19:08:13.304] [DEBUG] cheese - null
[2020-03-12T19:08:13.304] [DEBUG] cheese - null
[2020-03-15T15:36:29.271] [DEBUG] cheese - login => username:admin,password:123456
[2020-03-15T15:36:29.272] [DEBUG] cheese - admin
[2020-03-15T15:36:29.373] [DEBUG] cheese - null
[2020-03-15T15:36:29.376] [DEBUG] cheese - null
[2020-03-15T16:32:19.621] [DEBUG] cheese - login => username:admin,password:123456
[2020-03-15T16:32:19.624] [DEBUG] cheese - admin
[2020-03-15T16:32:19.639] [DEBUG] cheese - null
[2020-03-15T16:32:19.640] [DEBUG] cheese - null
[2020-03-15T20:19:31.440] [DEBUG] cheese - login => username:admin,password:123456
[2020-03-15T20:19:31.441] [DEBUG] cheese - admin
[2020-03-15T20:19:31.473] [DEBUG] cheese - null
[2020-03-15T20:19:31.473] [DEBUG] cheese - null
[2020-03-15T21:57:24.293] [DEBUG] cheese - login => username:admin,password:123456
[2020-03-15T21:57:24.295] [DEBUG] cheese - admin
[2020-03-15T21:57:24.306] [DEBUG] cheese - null
[2020-03-15T21:57:24.306] [DEBUG] cheese - null
[2020-03-16T13:50:39.046] [DEBUG] cheese - login => username:admin,password:123456
[2020-03-16T13:50:39.316] [DEBUG] cheese - admin
[2020-03-16T13:50:39.742] [DEBUG] cheese - login => username:admin,password:123456
[2020-03-16T13:50:39.743] [DEBUG] cheese - admin
[2020-03-16T13:50:43.540] [DEBUG] cheese - null
[2020-03-16T13:50:43.674] [DEBUG] cheese - null
[2020-03-16T13:50:44.841] [DEBUG] cheese - null
[2020-03-16T13:50:44.842] [DEBUG] cheese - null
[2020-03-18T12:23:42.990] [DEBUG] cheese - login => username:admin,password:123456
[2020-03-18T12:23:42.992] [DEBUG] cheese - admin
[2020-03-18T12:23:43.197] [DEBUG] cheese - null
[2020-03-18T12:23:43.198] [DEBUG] cheese - null
[2020-03-20T11:19:06.707] [DEBUG] cheese - login => username:admin,password:123456
[2020-03-20T11:19:06.711] [DEBUG] cheese - admin
[2020-03-20T11:19:06.784] [DEBUG] cheese - null
[2020-03-20T11:19:06.785] [DEBUG] cheese - null
[2020-03-20T12:00:43.265] [DEBUG] cheese - login => username:admin,password:123456
[2020-03-20T12:00:43.266] [DEBUG] cheese - admin
[2020-03-20T12:00:43.275] [DEBUG] cheese - null
[2020-03-20T12:00:43.276] [DEBUG] cheese - null
[2020-03-20T18:24:08.388] [DEBUG] cheese - login => username:admin,password:123456
[2020-03-20T18:24:08.388] [DEBUG] cheese - admin
[2020-03-20T18:24:08.396] [DEBUG] cheese - null
[2020-03-20T18:24:08.396] [DEBUG] cheese - null
[2020-03-23T22:52:47.626] [DEBUG] cheese - login => username:admin,password:123456
[2020-03-23T22:52:47.652] [DEBUG] cheese - admin
[2020-03-23T22:52:49.800] [DEBUG] cheese - { inspect: [Function: inspect] }
[2020-03-23T22:52:49.804] [DEBUG] cheese - 查询失败
[2020-03-23T22:52:55.805] [DEBUG] cheese - login => username:admin,password:123456
[2020-03-23T22:52:55.805] [DEBUG] cheese - admin
[2020-03-23T22:52:57.919] [DEBUG] cheese - { inspect: [Function: inspect] }
[2020-03-23T22:52:57.919] [DEBUG] cheese - 查询失败
[2020-03-23T22:53:20.481] [DEBUG] cheese - login => username:admin,password:123456
[2020-03-23T22:53:20.481] [DEBUG] cheese - admin
[2020-03-23T22:53:20.786] [DEBUG] cheese - null
[2020-03-23T22:53:20.786] [DEBUG] cheese - null
[2020-03-24T09:34:28.196] [DEBUG] cheese - login => username:admin,password:123456
[2020-03-24T09:34:28.197] [DEBUG] cheese - admin
[2020-03-24T09:34:28.243] [DEBUG] cheese - null
[2020-03-24T09:34:28.243] [DEBUG] cheese - null
[2020-03-25T13:06:48.264] [DEBUG] cheese - login => username:admin,password:123456
[2020-03-25T13:06:48.266] [DEBUG] cheese - admin
[2020-03-25T13:06:48.330] [DEBUG] cheese - null
[2020-03-25T13:06:48.331] [DEBUG] cheese - null
[2020-03-25T17:28:21.115] [DEBUG] cheese - login => username:admin,password:123456
[2020-03-25T17:28:21.116] [DEBUG] cheese - admin
[2020-03-25T17:28:21.126] [DEBUG] cheese - null
[2020-03-25T17:28:21.127] [DEBUG] cheese - null
[2020-03-25T17:33:41.252] [DEBUG] cheese - login => username:admin,password:123456
[2020-03-25T17:33:41.256] [DEBUG] cheese - admin
[2020-03-25T17:33:41.263] [DEBUG] cheese - null
[2020-03-25T17:33:41.264] [DEBUG] cheese - null
[2020-03-25T19:37:13.481] [DEBUG] cheese - login => username:admin,password:123456
[2020-03-25T19:37:13.482] [DEBUG] cheese - admin
[2020-03-25T19:37:13.488] [DEBUG] cheese - null
[2020-03-25T19:37:13.488] [DEBUG] cheese - null
[2020-03-25T22:50:54.884] [DEBUG] cheese - login => username:admin,password:123456
[2020-03-25T22:50:54.886] [DEBUG] cheese - admin
[2020-03-25T22:50:54.893] [DEBUG] cheese - null
[2020-03-25T22:50:54.893] [DEBUG] cheese - null
[2020-03-26T20:09:10.797] [DEBUG] cheese - login => username:admin,password:123456
[2020-03-26T20:09:10.800] [DEBUG] cheese - admin
[2020-03-26T20:09:10.816] [DEBUG] cheese - null
[2020-03-26T20:09:10.818] [DEBUG] cheese - null
[2020-03-29T22:03:14.326] [DEBUG] cheese - login => username:admin,password:123456
[2020-03-29T22:03:14.328] [DEBUG] cheese - admin
[2020-03-29T22:03:14.424] [DEBUG] cheese - null
[2020-03-29T22:03:14.427] [DEBUG] cheese - null
[2020-03-30T20:08:04.489] [DEBUG] cheese - login => username:admin,password:123456
[2020-03-30T20:08:04.489] [DEBUG] cheese - admin
[2020-03-30T20:08:04.547] [DEBUG] cheese - null
[2020-03-30T20:08:04.548] [DEBUG] cheese - null
[2020-04-15T13:32:28.766] [DEBUG] cheese - login => username:admin,password:123456
[2020-04-15T13:32:28.767] [DEBUG] cheese - admin
[2020-04-15T13:32:28.781] [DEBUG] cheese - null
[2020-04-15T13:32:28.781] [DEBUG] cheese - null
[2020-04-15T13:57:48.826] [DEBUG] cheese - login => username:admin,password:123456
[2020-04-15T13:57:48.826] [DEBUG] cheese - admin
[2020-04-15T13:57:48.830] [DEBUG] cheese - null
[2020-04-15T13:57:48.830] [DEBUG] cheese - null
[2020-04-16T09:41:53.515] [DEBUG] cheese - null
[2020-04-16T09:43:28.348] [DEBUG] cheese - null
[2020-04-16T09:44:06.049] [DEBUG] cheese - null
[2020-04-16T11:46:10.253] [DEBUG] cheese - login => username:linken,password:123456
[2020-04-16T11:46:10.254] [DEBUG] cheese - linken
[2020-04-16T11:46:10.256] [DEBUG] cheese - null
[2020-04-16T11:46:10.257] [DEBUG] cheese - null
[2020-04-16T11:46:15.644] [DEBUG] cheese - login => username:admin,password:123456
[2020-04-16T11:46:15.644] [DEBUG] cheese - admin
[2020-04-16T11:46:15.646] [DEBUG] cheese - null
[2020-04-16T11:46:15.647] [DEBUG] cheese - null
[2020-04-16T11:46:27.287] [DEBUG] cheese - login => username:linken,password:123456
[2020-04-16T11:46:27.288] [DEBUG] cheese - linken
[2020-04-16T11:46:27.290] [DEBUG] cheese - null
[2020-04-16T11:46:27.290] [DEBUG] cheese - null
[2020-04-16T11:46:38.979] [DEBUG] cheese - login => username:admin,password:123456
[2020-04-16T11:46:38.979] [DEBUG] cheese - admin
[2020-04-16T11:46:38.980] [DEBUG] cheese - null
[2020-04-16T11:46:38.980] [DEBUG] cheese - null
[2020-04-16T13:40:31.550] [DEBUG] cheese - login => username:admin,password:123456
[2020-04-16T13:40:31.552] [DEBUG] cheese - admin
[2020-04-16T13:40:31.555] [DEBUG] cheese - null
[2020-04-16T13:40:31.556] [DEBUG] cheese - null
[2020-04-16T14:33:26.297] [DEBUG] cheese - login => username:test,password:123456
[2020-04-16T14:33:26.297] [DEBUG] cheese - test
[2020-04-16T14:33:26.298] [DEBUG] cheese - null
[2020-04-16T14:33:26.299] [DEBUG] cheese - null
[2020-04-16T14:33:33.596] [DEBUG] cheese - login => username:linken,password:123456
[2020-04-16T14:33:33.596] [DEBUG] cheese - linken
[2020-04-16T14:33:33.598] [DEBUG] cheese - null
[2020-04-16T14:33:33.598] [DEBUG] cheese - null
[2020-04-16T14:33:40.041] [DEBUG] cheese - null
[2020-04-16T14:33:40.049] [DEBUG] cheese - null
[2020-04-16T14:33:49.368] [DEBUG] cheese - null
[2020-04-16T14:33:49.371] [DEBUG] cheese - null
[2020-04-16T14:33:53.685] [DEBUG] cheese - null
[2020-04-16T14:33:53.687] [DEBUG] cheese - null
[2020-04-16T14:33:58.849] [DEBUG] cheese - null
[2020-04-16T14:33:58.852] [DEBUG] cheese - null
[2020-04-16T14:34:00.496] [DEBUG] cheese - null
[2020-04-16T14:34:08.057] [DEBUG] cheese - null
[2020-04-16T14:34:08.060] [DEBUG] cheese - null
[2020-04-16T14:34:08.098] [DEBUG] cheese - null
[2020-04-16T14:34:08.099] [DEBUG] cheese - null
[2020-04-16T14:34:15.127] [DEBUG] cheese - null
[2020-04-16T14:34:15.129] [DEBUG] cheese - null
[2020-04-16T14:34:23.029] [DEBUG] cheese - null
[2020-04-16T14:34:23.032] [DEBUG] cheese - null
[2020-04-16T14:34:23.114] [DEBUG] cheese - null
[2020-04-16T14:34:23.116] [DEBUG] cheese - null
[2020-04-16T14:34:34.462] [DEBUG] cheese - null
[2020-04-16T14:34:34.464] [DEBUG] cheese - null
[2020-04-16T14:34:38.913] [DEBUG] cheese - null
[2020-04-16T14:34:42.893] [DEBUG] cheese - null
[2020-04-16T14:34:42.894] [DEBUG] cheese - null
[2020-04-16T14:35:24.677] [DEBUG] cheese - null
[2020-04-16T14:35:24.678] [DEBUG] cheese - null
[2020-04-16T14:35:24.734] [DEBUG] cheese - null
[2020-04-16T14:35:24.736] [DEBUG] cheese - null
[2020-04-16T14:35:31.917] [DEBUG] cheese - null
[2020-04-16T14:35:31.918] [DEBUG] cheese - null
[2020-04-16T14:35:32.068] [DEBUG] cheese - null
[2020-04-16T14:35:32.070] [DEBUG] cheese - null
[2020-04-16T14:35:36.445] [DEBUG] cheese - null
[2020-04-16T14:35:36.449] [DEBUG] cheese - null
[2020-04-16T14:35:39.013] [DEBUG] cheese - null
[2020-04-16T14:35:39.015] [DEBUG] cheese - null
[2020-04-16T14:35:42.694] [DEBUG] cheese - null
[2020-04-16T14:35:42.696] [DEBUG] cheese - null
[2020-04-16T14:35:45.786] [DEBUG] cheese - null
[2020-04-16T14:35:45.787] [DEBUG] cheese - null
[2020-04-16T14:35:52.423] [DEBUG] cheese - null
[2020-04-16T14:35:52.425] [DEBUG] cheese - null
[2020-04-16T14:36:09.575] [DEBUG] cheese - null
[2020-04-16T14:36:09.618] [DEBUG] cheese - null
[2020-04-16T14:36:09.729] [DEBUG] cheese - null
[2020-04-16T14:36:09.730] [DEBUG] cheese - null
[2020-04-16T14:36:20.254] [DEBUG] cheese - null
[2020-04-16T14:36:20.256] [DEBUG] cheese - null
[2020-04-16T14:36:27.985] [DEBUG] cheese - null
[2020-04-16T14:36:39.012] [DEBUG] cheese - login => username:admin,password:123456
[2020-04-16T14:36:39.012] [DEBUG] cheese - admin
[2020-04-16T14:36:39.013] [DEBUG] cheese - null
[2020-04-16T14:36:39.013] [DEBUG] cheese - null
[2020-04-17T15:45:02.482] [DEBUG] cheese - login => username:admin,password:123456
[2020-04-17T15:45:02.483] [DEBUG] cheese - admin
[2020-04-17T15:45:02.486] [DEBUG] cheese - null
[2020-04-17T15:45:02.486] [DEBUG] cheese - null
